<?xml version="1.0" encoding="UTF-8"?>
<!-- Generated by org.testng.reporters.JUnitReportReporter -->
<testsuite hostname="WKWZTF5ano4KXko" failures="0" tests="1" name="com.testng.maven.google.GoogleTest" time="5.393" errors="0" timestamp="2024-11-22T21:56:52 IST" skipped="0">
  <testcase classname="com.testng.maven.google.GoogleTest" name="ExecuteGoogleSearch" time="5.393"/>
</testsuite> <!-- com.testng.maven.google.GoogleTest -->
